{"level":"debug","datetime":"2023-09-18T16:55:55.126Z","message":"HSM raw data","data":[{"stat":"Ok","type":"cn","msg":"successful","stCode":200}],"functionName":"conversion"}
{"level":"debug","datetime":"2023-09-18T16:55:55.132Z","message":"HSM raw data","data":[{"stat":"Ok","type":"lit","msg":"successful","stCode":200}],"functionName":"conversion"}
{"level":"error","datetime":"2023-09-18T16:55:55.129Z","message":"error converting message","data":{"error":{}},"functionName":"conversion"}
{"level":"error","datetime":"2023-09-18T16:55:55.132Z","message":"error converting message","data":{"error":{}},"functionName":"conversion"}
{"level":"debug","datetime":"2023-09-18T16:55:56.179Z","message":"HSM raw data","data":[{"stat":"Ok","type":"sub","msg":"successful","stCode":200}],"functionName":"conversion"}
{"level":"error","datetime":"2023-09-18T16:55:56.180Z","message":"error converting message","data":{"error":{}},"functionName":"conversion"}
{"level":"debug","datetime":"2023-09-18T16:55:56.180Z","message":"HSM raw data","data":[{"stat":"Ok","type":"cp","msg":"successful","stCode":200}],"functionName":"conversion"}
{"level":"debug","datetime":"2023-09-18T16:55:56.181Z","message":"HSM raw data","data":[{"stat":"Ok","type":"cr","msg":"successful","stCode":200}],"functionName":"conversion"}
{"level":"error","datetime":"2023-09-18T16:55:56.181Z","message":"error converting message","data":{"error":{}},"functionName":"conversion"}
{"level":"debug","datetime":"2023-09-18T16:55:56.184Z","message":"HSM raw data","data":[{"iv":20133.3,"ic":20192.35,"tvalue":1695040963,"highPrice":20195.35,"lowPrice":20115.7,"openingPrice":20155.95,"cng":-59.05,"nc":-0.29,"ts":"Nifty 50","name":"if","tk":"Nifty 50","e":"nse_cm"}],"functionName":"conversion"}
{"level":"error","datetime":"2023-09-18T16:55:56.181Z","message":"error converting message","data":{"error":{}},"functionName":"conversion"}
{"level":"error","datetime":"2023-09-18T16:55:56.185Z","message":"error converting message","data":{"error":{}},"functionName":"conversion"}
{"level":"debug","datetime":"2023-09-18T16:57:15.320Z","message":"HSM raw data","data":[{"stat":"Ok","type":"cn","msg":"successful","stCode":200}],"functionName":"conversion"}
{"level":"debug","datetime":"2023-09-18T16:57:15.327Z","message":"HSM raw data","data":[{"stat":"Ok","type":"lit","msg":"successful","stCode":200}],"functionName":"conversion"}
{"level":"debug","datetime":"2023-09-18T16:57:15.682Z","message":"HSM raw data","data":[{"stat":"Ok","type":"sub","msg":"successful","stCode":200}],"functionName":"conversion"}
{"level":"debug","datetime":"2023-09-18T16:57:15.693Z","message":"HSM raw data","data":[{"stat":"Ok","type":"cp","msg":"successful","stCode":200}],"functionName":"conversion"}
{"level":"debug","datetime":"2023-09-18T16:57:15.733Z","message":"HSM raw data","data":[{"stat":"Ok","type":"cr","msg":"successful","stCode":200}],"functionName":"conversion"}
{"level":"debug","datetime":"2023-09-18T16:57:15.784Z","message":"HSM raw data","data":[{"iv":20133.3,"ic":20192.35,"tvalue":1695040963,"highPrice":20195.35,"lowPrice":20115.7,"openingPrice":20155.95,"cng":-59.05,"nc":-0.29,"ts":"Nifty 50","name":"if","tk":"Nifty 50","e":"nse_cm"}],"functionName":"conversion"}
{"level":"debug","datetime":"2023-09-18T17:06:13.619Z","message":"HSM raw data","data":[{"stat":"Ok","type":"cn","msg":"successful","stCode":200}],"functionName":"conversion"}
{"level":"debug","datetime":"2023-09-18T17:06:13.624Z","message":"HSM raw data","data":[{"stat":"Ok","type":"lit","msg":"successful","stCode":200}],"functionName":"conversion"}
{"level":"debug","datetime":"2023-09-18T17:06:14.489Z","message":"HSM raw data","data":[{"stat":"Ok","type":"sub","msg":"successful","stCode":200}],"functionName":"conversion"}
{"level":"debug","datetime":"2023-09-18T17:06:14.509Z","message":"HSM raw data","data":[{"stat":"Ok","type":"cp","msg":"successful","stCode":200}],"functionName":"conversion"}
{"level":"debug","datetime":"2023-09-18T17:06:14.539Z","message":"HSM raw data","data":[{"stat":"Ok","type":"cr","msg":"successful","stCode":200}],"functionName":"conversion"}
{"level":"debug","datetime":"2023-09-18T17:06:14.543Z","message":"HSM raw data","data":[{"ltp":72538,"v":13166,"ltt":1695056761,"fdtm":1695056771,"bq":1,"bs":1,"bp":72530,"sp":72539,"ltq":1,"tbq":723,"tsq":936,"ap":72391.84,"oi":16641,"lo":72042,"h":72639,"yh":78144,"yl":69945,"op":72222,"c":72154,"cng":384,"nc":0.53,"to":95311096544,"ts":"SILVER05DEC23","name":"sf","tk":"250882","e":"mcx_fo"}],"functionName":"conversion"}
{"level":"debug","datetime":"2023-09-18T17:06:19.134Z","message":"HSM raw data","data":[{"ltp":72530,"cng":376,"nc":0.52,"name":"sf","tk":"250882","e":"mcx_fo"}],"functionName":"conversion"}
{"level":"debug","datetime":"2023-09-18T17:07:07.096Z","message":"HSM raw data","data":[{"ltp":72505,"cng":351,"nc":0.49,"name":"sf","tk":"250882","e":"mcx_fo"}],"functionName":"conversion"}
{"level":"debug","datetime":"2023-09-18T17:07:27.368Z","message":"HSM raw data","data":[{"stat":"Ok","type":"cn","msg":"successful","stCode":200}],"functionName":"conversion"}
{"level":"debug","datetime":"2023-09-18T17:07:27.375Z","message":"HSM raw data","data":[{"stat":"Ok","type":"lit","msg":"successful","stCode":200}],"functionName":"conversion"}
{"level":"debug","datetime":"2023-09-18T17:07:27.733Z","message":"HSM raw data","data":[{"stat":"Ok","type":"cp","msg":"successful","stCode":200}],"functionName":"conversion"}
{"level":"debug","datetime":"2023-09-18T17:07:27.732Z","message":"HSM raw data","data":[{"stat":"Ok","type":"sub","msg":"successful","stCode":200}],"functionName":"conversion"}
{"level":"debug","datetime":"2023-09-18T17:07:27.763Z","message":"HSM raw data","data":[{"stat":"Ok","type":"cr","msg":"successful","stCode":200}],"functionName":"conversion"}
{"level":"debug","datetime":"2023-09-18T17:07:27.803Z","message":"HSM raw data","data":[{"ltp":72505,"v":13169,"ltt":1695056826,"fdtm":1695056847,"bq":1,"bs":1,"bp":72505,"sp":72510,"ltq":1,"tbq":702,"tsq":945,"ap":72391.87,"oi":16643,"lo":72042,"h":72639,"yh":78144,"yl":69945,"op":72222,"c":72154,"cng":351,"nc":0.49,"to":95332853603,"ts":"SILVER05DEC23","name":"sf","tk":"250882","e":"mcx_fo"}],"functionName":"conversion"}
{"level":"debug","datetime":"2023-09-18T17:07:43.342Z","message":"HSM raw data","data":[{"ltp":72513,"cng":359,"nc":0.5,"name":"sf","tk":"250882","e":"mcx_fo"}],"functionName":"conversion"}
{"level":"debug","datetime":"2023-09-18T17:07:45.552Z","message":"HSM raw data","data":[{"ltp":72515,"cng":361,"nc":0.5,"name":"sf","tk":"250882","e":"mcx_fo"}],"functionName":"conversion"}
{"level":"debug","datetime":"2023-09-18T17:08:02.566Z","message":"HSM raw data","data":[{"stat":"Ok","type":"cn","msg":"successful","stCode":200}],"functionName":"conversion"}
{"level":"debug","datetime":"2023-09-18T17:08:02.575Z","message":"HSM raw data","data":[{"stat":"Ok","type":"lit","msg":"successful","stCode":200}],"functionName":"conversion"}
{"level":"debug","datetime":"2023-09-18T17:08:03.284Z","message":"HSM raw data","data":[{"stat":"Ok","type":"sub","msg":"successful","stCode":200}],"functionName":"conversion"}
{"level":"debug","datetime":"2023-09-18T17:08:03.290Z","message":"HSM raw data","data":[{"ltp":72530,"v":13173,"ltt":1695056882,"fdtm":1695056883,"bq":1,"bs":1,"bp":72518,"sp":72526,"ltq":1,"tbq":708,"tsq":930,"ap":72391.91,"oi":16642,"lo":72042,"h":72639,"yh":78144,"yl":69945,"op":72222,"c":72154,"cng":376,"nc":0.52,"to":95361863043,"ts":"SILVER05DEC23","name":"sf","tk":"250882","e":"mcx_fo"}],"functionName":"conversion"}
{"level":"debug","datetime":"2023-09-18T17:08:03.287Z","message":"HSM raw data","data":[{"stat":"Ok","type":"cr","msg":"successful","stCode":200}],"functionName":"conversion"}
{"level":"debug","datetime":"2023-09-18T17:08:03.286Z","message":"HSM raw data","data":[{"stat":"Ok","type":"cp","msg":"successful","stCode":200}],"functionName":"conversion"}
{"level":"debug","datetime":"2023-09-18T17:08:07.684Z","message":"HSM raw data","data":[{"ltp":72517,"cng":363,"nc":0.5,"name":"sf","tk":"250882","e":"mcx_fo"}],"functionName":"conversion"}
{"level":"debug","datetime":"2023-09-18T17:08:18.597Z","message":"HSM raw data","data":[{"ltp":72527,"cng":373,"nc":0.52,"name":"sf","tk":"250882","e":"mcx_fo"}],"functionName":"conversion"}
{"level":"debug","datetime":"2023-09-18T17:08:27.500Z","message":"HSM raw data","data":[{"ltp":72530,"cng":376,"nc":0.52,"name":"sf","tk":"250882","e":"mcx_fo"}],"functionName":"conversion"}
{"level":"debug","datetime":"2023-09-18T17:08:36.162Z","message":"HSM raw data","data":[{"ltp":72531,"cng":377,"nc":0.52,"name":"sf","tk":"250882","e":"mcx_fo"}],"functionName":"conversion"}
{"level":"debug","datetime":"2023-09-18T17:08:50.994Z","message":"HSM raw data","data":[{"ltp":72534,"cng":380,"nc":0.53,"name":"sf","tk":"250882","e":"mcx_fo"}],"functionName":"conversion"}
{"level":"debug","datetime":"2023-09-18T17:08:53.416Z","message":"HSM raw data","data":[{"ltp":72544,"cng":390,"nc":0.54,"name":"sf","tk":"250882","e":"mcx_fo"}],"functionName":"conversion"}
{"level":"debug","datetime":"2023-09-18T17:08:54.002Z","message":"HSM raw data","data":[{"ltp":72548,"cng":394,"nc":0.55,"name":"sf","tk":"250882","e":"mcx_fo"}],"functionName":"conversion"}
{"level":"debug","datetime":"2023-09-18T17:08:59.736Z","message":"HSM raw data","data":[{"ltp":72550,"cng":396,"nc":0.55,"name":"sf","tk":"250882","e":"mcx_fo"}],"functionName":"conversion"}
{"level":"debug","datetime":"2023-09-18T17:09:01.526Z","message":"HSM raw data","data":[{"ltp":72556,"cng":402,"nc":0.56,"name":"sf","tk":"250882","e":"mcx_fo"}],"functionName":"conversion"}
{"level":"debug","datetime":"2023-09-18T17:09:05.234Z","message":"HSM raw data","data":[{"ltp":72550,"cng":396,"nc":0.55,"name":"sf","tk":"250882","e":"mcx_fo"}],"functionName":"conversion"}
{"level":"debug","datetime":"2023-09-18T17:09:07.264Z","message":"HSM raw data","data":[{"ltp":72553,"cng":399,"nc":0.55,"name":"sf","tk":"250882","e":"mcx_fo"}],"functionName":"conversion"}
{"level":"debug","datetime":"2023-09-18T17:09:10.273Z","message":"HSM raw data","data":[{"ltp":72554,"cng":400,"nc":0.55,"name":"sf","tk":"250882","e":"mcx_fo"}],"functionName":"conversion"}
{"level":"debug","datetime":"2023-09-18T17:09:10.541Z","message":"HSM raw data","data":[{"ltp":72549,"cng":395,"nc":0.55,"name":"sf","tk":"250882","e":"mcx_fo"}],"functionName":"conversion"}
{"level":"debug","datetime":"2023-09-18T17:09:15.560Z","message":"HSM raw data","data":[{"ltp":72553,"cng":399,"nc":0.55,"name":"sf","tk":"250882","e":"mcx_fo"}],"functionName":"conversion"}
{"level":"debug","datetime":"2023-09-18T17:09:32.431Z","message":"HSM raw data","data":[{"ltp":72547,"cng":393,"nc":0.54,"name":"sf","tk":"250882","e":"mcx_fo"}],"functionName":"conversion"}
{"level":"debug","datetime":"2023-09-18T17:09:43.411Z","message":"HSM raw data","data":[{"ltp":72549,"cng":395,"nc":0.55,"name":"sf","tk":"250882","e":"mcx_fo"}],"functionName":"conversion"}
{"level":"debug","datetime":"2023-09-18T17:09:59.073Z","message":"HSM raw data","data":[{"ltp":72540,"cng":386,"nc":0.53,"name":"sf","tk":"250882","e":"mcx_fo"}],"functionName":"conversion"}
{"level":"debug","datetime":"2023-09-18T17:09:59.423Z","message":"HSM raw data","data":[{"ltp":72539,"cng":385,"nc":0.53,"name":"sf","tk":"250882","e":"mcx_fo"}],"functionName":"conversion"}
{"level":"debug","datetime":"2023-09-18T17:10:13.105Z","message":"HSM raw data","data":[{"ltp":72531,"cng":377,"nc":0.52,"name":"sf","tk":"250882","e":"mcx_fo"}],"functionName":"conversion"}
{"level":"debug","datetime":"2023-09-18T17:10:43.940Z","message":"HSM raw data","data":[{"ltp":72520,"cng":366,"nc":0.51,"name":"sf","tk":"250882","e":"mcx_fo"}],"functionName":"conversion"}
{"level":"debug","datetime":"2023-09-18T17:11:00.620Z","message":"HSM raw data","data":[{"ltp":72519,"cng":365,"nc":0.51,"name":"sf","tk":"250882","e":"mcx_fo"}],"functionName":"conversion"}
{"level":"debug","datetime":"2023-09-18T17:13:07.820Z","message":"HSM raw data","data":[{"stat":"Ok","type":"cn","msg":"successful","stCode":200}],"functionName":"conversion"}
{"level":"debug","datetime":"2023-09-18T17:13:07.827Z","message":"HSM raw data","data":[{"stat":"Ok","type":"lit","msg":"successful","stCode":200}],"functionName":"conversion"}
{"level":"debug","datetime":"2023-09-18T17:13:08.629Z","message":"HSM raw data","data":[{"stat":"Ok","type":"sub","msg":"successful","stCode":200}],"functionName":"conversion"}
{"level":"debug","datetime":"2023-09-18T17:13:08.656Z","message":"HSM raw data","data":[{"stat":"Ok","type":"cp","msg":"successful","stCode":200}],"functionName":"conversion"}
{"level":"debug","datetime":"2023-09-18T17:13:08.701Z","message":"HSM raw data","data":[{"stat":"Ok","type":"cr","msg":"successful","stCode":200}],"functionName":"conversion"}
{"level":"debug","datetime":"2023-09-18T17:13:08.707Z","message":"HSM raw data","data":[{"ltp":72543,"v":13262,"ltt":1695057185,"fdtm":1695057188,"bq":1,"bs":5,"bp":72535,"sp":72542,"ltq":3,"tbq":738,"tsq":914,"ap":72392.9,"oi":16605,"lo":72042,"h":72639,"yh":78144,"yl":69945,"op":72222,"c":72154,"cng":389,"nc":0.54,"to":96007463980,"ts":"SILVER05DEC23","name":"sf","tk":"250882","e":"mcx_fo"}],"functionName":"conversion"}
{"level":"debug","datetime":"2023-09-18T17:13:11.053Z","message":"HSM raw data","data":[{"ltp":72542,"cng":388,"nc":0.54,"name":"sf","tk":"250882","e":"mcx_fo"}],"functionName":"conversion"}
{"level":"debug","datetime":"2023-09-18T17:13:44.268Z","message":"HSM raw data","data":[{"stat":"Ok","type":"cn","msg":"successful","stCode":200}],"functionName":"conversion"}
{"level":"debug","datetime":"2023-09-18T17:13:44.276Z","message":"HSM raw data","data":[{"stat":"Ok","type":"lit","msg":"successful","stCode":200}],"functionName":"conversion"}
{"level":"debug","datetime":"2023-09-18T17:13:44.764Z","message":"HSM raw data","data":[{"stat":"Ok","type":"sub","msg":"successful","stCode":200}],"functionName":"conversion"}
{"level":"debug","datetime":"2023-09-18T17:13:44.768Z","message":"HSM raw data","data":[{"ltp":72542,"v":13269,"ltt":1695057214,"fdtm":1695057223,"bq":1,"bs":1,"bp":72540,"sp":72542,"ltq":1,"tbq":739,"tsq":912,"ap":72392.98,"oi":16604,"lo":72042,"h":72639,"yh":78144,"yl":69945,"op":72222,"c":72154,"cng":388,"nc":0.54,"to":96058245162,"ts":"SILVER05DEC23","name":"sf","tk":"250882","e":"mcx_fo"}],"functionName":"conversion"}
{"level":"debug","datetime":"2023-09-18T17:13:44.765Z","message":"HSM raw data","data":[{"stat":"Ok","type":"cp","msg":"successful","stCode":200}],"functionName":"conversion"}
{"level":"debug","datetime":"2023-09-18T17:13:44.765Z","message":"HSM raw data","data":[{"stat":"Ok","type":"cr","msg":"successful","stCode":200}],"functionName":"conversion"}
{"level":"debug","datetime":"2023-09-18T17:13:48.866Z","message":"HSM raw data","data":[{"ltp":72545,"cng":391,"nc":0.54,"name":"sf","tk":"250882","e":"mcx_fo"}],"functionName":"conversion"}
{"level":"debug","datetime":"2023-09-18T17:13:51.219Z","message":"HSM raw data","data":[{"ltp":72547,"cng":393,"nc":0.54,"name":"sf","tk":"250882","e":"mcx_fo"}],"functionName":"conversion"}
{"level":"debug","datetime":"2023-09-18T17:13:53.064Z","message":"HSM raw data","data":[{"ltp":72549,"cng":395,"nc":0.55,"name":"sf","tk":"250882","e":"mcx_fo"}],"functionName":"conversion"}
{"level":"debug","datetime":"2023-09-18T17:13:54.814Z","message":"HSM raw data","data":[{"ltp":72550,"cng":396,"nc":0.55,"name":"sf","tk":"250882","e":"mcx_fo"}],"functionName":"conversion"}
{"level":"debug","datetime":"2023-09-18T17:15:14.930Z","message":"HSM raw data","data":[{"stat":"Ok","type":"cn","msg":"successful","stCode":200}],"functionName":"conversion"}
{"level":"debug","datetime":"2023-09-18T17:15:14.940Z","message":"HSM raw data","data":[{"stat":"Ok","type":"lit","msg":"successful","stCode":200}],"functionName":"conversion"}
{"level":"debug","datetime":"2023-09-18T17:15:15.474Z","message":"HSM raw data","data":[{"stat":"Ok","type":"sub","msg":"successful","stCode":200}],"functionName":"conversion"}
{"level":"debug","datetime":"2023-09-18T17:15:15.498Z","message":"HSM raw data","data":[{"stat":"Ok","type":"cp","msg":"successful","stCode":200}],"functionName":"conversion"}
{"level":"debug","datetime":"2023-09-18T17:15:15.542Z","message":"HSM raw data","data":[{"ltp":72595,"v":13352,"ltt":1695057313,"fdtm":1695057315,"bq":1,"bs":4,"bp":72590,"sp":72595,"ltq":1,"tbq":766,"tsq":846,"ap":72394.01,"oi":16601,"lo":72042,"h":72639,"yh":78144,"yl":69945,"op":72222,"c":72154,"cng":441,"nc":0.61,"to":96660482152,"ts":"SILVER05DEC23","name":"sf","tk":"250882","e":"mcx_fo"}],"functionName":"conversion"}
{"level":"debug","datetime":"2023-09-18T17:15:15.539Z","message":"HSM raw data","data":[{"stat":"Ok","type":"cr","msg":"successful","stCode":200}],"functionName":"conversion"}
{"level":"debug","datetime":"2023-09-18T18:07:29.405Z","message":"HSM raw data","data":[{"stat":"Ok","type":"cn","msg":"successful","stCode":200}],"functionName":"conversion"}
{"level":"debug","datetime":"2023-09-18T18:07:29.411Z","message":"HSM raw data","data":[{"stat":"Ok","type":"lit","msg":"successful","stCode":200}],"functionName":"conversion"}
{"level":"debug","datetime":"2023-09-18T18:07:29.961Z","message":"HSM raw data","data":[{"stat":"Ok","type":"sub","msg":"successful","stCode":200}],"functionName":"conversion"}
{"level":"debug","datetime":"2023-09-18T18:07:29.988Z","message":"HSM raw data","data":[{"stat":"Ok","type":"cp","msg":"successful","stCode":200}],"functionName":"conversion"}
{"level":"debug","datetime":"2023-09-18T18:07:30.022Z","message":"HSM raw data","data":[{"stat":"Ok","type":"cr","msg":"successful","stCode":200}],"functionName":"conversion"}
{"level":"debug","datetime":"2023-09-18T18:08:09.219Z","message":"HSM raw data","data":[{"stat":"Ok","type":"lit","msg":"successful","stCode":200}],"functionName":"conversion"}
{"level":"debug","datetime":"2023-09-18T18:08:09.213Z","message":"HSM raw data","data":[{"stat":"Ok","type":"cn","msg":"successful","stCode":200}],"functionName":"conversion"}
{"level":"debug","datetime":"2023-09-18T18:08:09.582Z","message":"HSM raw data","data":[{"stat":"Ok","type":"sub","msg":"successful","stCode":200}],"functionName":"conversion"}
{"level":"debug","datetime":"2023-09-18T18:08:09.602Z","message":"HSM raw data","data":[{"stat":"Ok","type":"cp","msg":"successful","stCode":200}],"functionName":"conversion"}
{"level":"debug","datetime":"2023-09-18T18:08:09.643Z","message":"HSM raw data","data":[{"stat":"Ok","type":"cr","msg":"successful","stCode":200}],"functionName":"conversion"}
{"level":"debug","datetime":"2023-09-18T18:08:09.649Z","message":"HSM raw data","data":[{"ltp":72585,"v":14099,"ltt":1695059999,"fdtm":1695059999,"bq":1,"bs":2,"bp":72569,"sp":72589,"ltq":1,"tbq":622,"tsq":852,"ap":72403.31,"oi":16364,"lo":72042,"h":72639,"yh":78144,"yl":69945,"op":72222,"c":72154,"cng":431,"nc":0.6,"to":102081426769,"ts":"SILVER05DEC23","name":"sf","tk":"250882","e":"mcx_fo"}],"functionName":"conversion"}
{"level":"debug","datetime":"2023-09-18T18:08:57.480Z","message":"HSM raw data","data":[{"stat":"Ok","type":"cn","msg":"successful","stCode":200}],"functionName":"conversion"}
{"level":"debug","datetime":"2023-09-18T18:08:57.484Z","message":"HSM raw data","data":[{"stat":"Ok","type":"lit","msg":"successful","stCode":200}],"functionName":"conversion"}
{"level":"debug","datetime":"2023-09-18T18:08:57.936Z","message":"HSM raw data","data":[{"stat":"Ok","type":"sub","msg":"successful","stCode":200}],"functionName":"conversion"}
{"level":"debug","datetime":"2023-09-18T18:08:57.952Z","message":"HSM raw data","data":[{"stat":"Ok","type":"cp","msg":"successful","stCode":200}],"functionName":"conversion"}
{"level":"debug","datetime":"2023-09-18T18:08:57.990Z","message":"HSM raw data","data":[{"stat":"Ok","type":"cr","msg":"successful","stCode":200}],"functionName":"conversion"}
{"level":"debug","datetime":"2023-09-18T18:08:57.997Z","message":"HSM raw data","data":[{"ltp":72585,"v":14099,"ltt":1695059999,"fdtm":1695059999,"bq":1,"bs":2,"bp":72569,"sp":72589,"ltq":1,"tbq":622,"tsq":852,"ap":72403.31,"oi":16364,"lo":72042,"h":72639,"yh":78144,"yl":69945,"op":72222,"c":72154,"cng":431,"nc":0.6,"to":102081426769,"ts":"SILVER05DEC23","name":"sf","tk":"250882","e":"mcx_fo"}],"functionName":"conversion"}
{"level":"debug","datetime":"2023-09-18T18:10:01.096Z","message":"HSM raw data","data":[{"stat":"Ok","type":"cn","msg":"successful","stCode":200}],"functionName":"conversion"}
{"level":"debug","datetime":"2023-09-18T18:10:01.100Z","message":"HSM raw data","data":[{"stat":"Ok","type":"lit","msg":"successful","stCode":200}],"functionName":"conversion"}
{"level":"debug","datetime":"2023-09-18T18:10:35.544Z","message":"HSM raw data","data":[{"stat":"Ok","type":"cn","msg":"successful","stCode":200}],"functionName":"conversion"}
{"level":"debug","datetime":"2023-09-18T18:10:35.549Z","message":"HSM raw data","data":[{"stat":"Ok","type":"lit","msg":"successful","stCode":200}],"functionName":"conversion"}
{"level":"debug","datetime":"2023-09-18T18:10:35.753Z","message":"HSM raw data","data":[{"stat":"Ok","type":"sub","msg":"successful","stCode":200}],"functionName":"conversion"}
{"level":"debug","datetime":"2023-09-18T18:10:35.754Z","message":"HSM raw data","data":[{"stat":"Ok","type":"cp","msg":"successful","stCode":200}],"functionName":"conversion"}
{"level":"debug","datetime":"2023-09-18T18:10:35.804Z","message":"HSM raw data","data":[{"stat":"Ok","type":"cr","msg":"successful","stCode":200}],"functionName":"conversion"}
{"level":"debug","datetime":"2023-09-18T18:10:35.808Z","message":"HSM raw data","data":[{"ltp":72585,"v":14099,"ltt":1695059999,"fdtm":1695059999,"bq":1,"bs":2,"bp":72569,"sp":72589,"ltq":1,"tbq":622,"tsq":852,"ap":72403.31,"oi":16364,"lo":72042,"h":72639,"yh":78144,"yl":69945,"op":72222,"c":72154,"cng":431,"nc":0.6,"to":102081426769,"ts":"SILVER05DEC23","name":"sf","tk":"250882","e":"mcx_fo"}],"functionName":"conversion"}
{"level":"debug","datetime":"2023-09-18T18:12:19.873Z","message":"HSM raw data","data":[{"stat":"Ok","type":"cn","msg":"successful","stCode":200}],"functionName":"conversion"}
{"level":"debug","datetime":"2023-09-18T18:12:19.877Z","message":"HSM raw data","data":[{"stat":"Ok","type":"lit","msg":"successful","stCode":200}],"functionName":"conversion"}
{"level":"debug","datetime":"2023-09-18T18:12:20.400Z","message":"HSM raw data","data":[{"stat":"Ok","type":"sub","msg":"successful","stCode":200}],"functionName":"conversion"}
{"level":"debug","datetime":"2023-09-18T18:12:20.410Z","message":"HSM raw data","data":[{"stat":"Ok","type":"cp","msg":"successful","stCode":200}],"functionName":"conversion"}
{"level":"debug","datetime":"2023-09-18T18:12:20.502Z","message":"HSM raw data","data":[{"stat":"Ok","type":"cr","msg":"successful","stCode":200}],"functionName":"conversion"}
{"level":"debug","datetime":"2023-09-18T18:12:20.507Z","message":"HSM raw data","data":[{"ltp":72585,"v":14099,"ltt":1695059999,"fdtm":1695059999,"bq":1,"bs":2,"bp":72569,"sp":72589,"ltq":1,"tbq":622,"tsq":852,"ap":72403.31,"oi":16364,"lo":72042,"h":72639,"yh":78144,"yl":69945,"op":72222,"c":72154,"cng":431,"nc":0.6,"to":102081426769,"ts":"SILVER05DEC23","name":"sf","tk":"250882","e":"mcx_fo"}],"functionName":"conversion"}
{"level":"debug","datetime":"2023-09-18T18:19:10.868Z","message":"HSM raw data","data":[{"stat":"Ok","type":"cn","msg":"successful","stCode":200}],"functionName":"conversion"}
{"level":"error","datetime":"2023-09-18T18:19:10.872Z","message":"error converting message","data":{"error":{}},"functionName":"conversion"}
{"level":"debug","datetime":"2023-09-18T18:19:10.872Z","message":"HSM raw data","data":[{"stat":"Ok","type":"lit","msg":"successful","stCode":200}],"functionName":"conversion"}
{"level":"error","datetime":"2023-09-18T18:19:10.873Z","message":"error converting message","data":{"error":{}},"functionName":"conversion"}
{"level":"debug","datetime":"2023-09-18T18:19:11.385Z","message":"HSM raw data","data":[{"stat":"Ok","type":"sub","msg":"successful","stCode":200}],"functionName":"conversion"}
{"level":"error","datetime":"2023-09-18T18:19:11.386Z","message":"error converting message","data":{"error":{}},"functionName":"conversion"}
{"level":"debug","datetime":"2023-09-18T18:19:11.419Z","message":"HSM raw data","data":[{"stat":"Ok","type":"cp","msg":"successful","stCode":200}],"functionName":"conversion"}
{"level":"error","datetime":"2023-09-18T18:19:11.420Z","message":"error converting message","data":{"error":{}},"functionName":"conversion"}
{"level":"debug","datetime":"2023-09-18T18:19:11.457Z","message":"HSM raw data","data":[{"stat":"Ok","type":"cr","msg":"successful","stCode":200}],"functionName":"conversion"}
{"level":"error","datetime":"2023-09-18T18:19:11.466Z","message":"error converting message","data":{"error":{}},"functionName":"conversion"}
{"level":"debug","datetime":"2023-09-18T18:19:11.485Z","message":"HSM raw data","data":[{"ltp":72585,"v":14099,"ltt":1695059999,"fdtm":1695059999,"bq":1,"bs":2,"bp":72569,"sp":72589,"ltq":1,"tbq":622,"tsq":852,"ap":72403.31,"oi":16364,"lo":72042,"h":72639,"yh":78144,"yl":69945,"op":72222,"c":72154,"cng":431,"nc":0.6,"to":102081426769,"ts":"SILVER05DEC23","name":"sf","tk":"250882","e":"mcx_fo"}],"functionName":"conversion"}
{"level":"error","datetime":"2023-09-18T18:19:11.487Z","message":"error converting message","data":{"error":{}},"functionName":"conversion"}
{"level":"debug","datetime":"2023-09-18T18:27:00.420Z","message":"HSM raw data","data":[{"stat":"Ok","type":"cn","msg":"successful","stCode":200}],"functionName":"conversion"}
{"level":"error","datetime":"2023-09-18T18:27:00.425Z","message":"error converting message","data":{"error":{}},"functionName":"conversion"}
{"level":"debug","datetime":"2023-09-18T18:27:00.426Z","message":"HSM raw data","data":[{"stat":"Ok","type":"lit","msg":"successful","stCode":200}],"functionName":"conversion"}
{"level":"error","datetime":"2023-09-18T18:27:00.427Z","message":"error converting message","data":{"error":{}},"functionName":"conversion"}
{"level":"debug","datetime":"2023-09-18T18:27:00.819Z","message":"HSM raw data","data":[{"stat":"Ok","type":"sub","msg":"successful","stCode":200}],"functionName":"conversion"}
{"level":"error","datetime":"2023-09-18T18:27:00.819Z","message":"error converting message","data":{"error":{}},"functionName":"conversion"}
{"level":"debug","datetime":"2023-09-18T18:27:00.826Z","message":"HSM raw data","data":[{"stat":"Ok","type":"cp","msg":"successful","stCode":200}],"functionName":"conversion"}
{"level":"error","datetime":"2023-09-18T18:27:00.827Z","message":"error converting message","data":{"error":{}},"functionName":"conversion"}
{"level":"debug","datetime":"2023-09-18T18:27:00.867Z","message":"HSM raw data","data":[{"stat":"Ok","type":"cr","msg":"successful","stCode":200}],"functionName":"conversion"}
{"level":"error","datetime":"2023-09-18T18:27:00.868Z","message":"error converting message","data":{"error":{}},"functionName":"conversion"}
{"level":"debug","datetime":"2023-09-18T18:27:00.885Z","message":"HSM raw data","data":[{"ltp":72585,"v":14099,"ltt":1695059999,"fdtm":1695059999,"bq":1,"bs":2,"bp":72569,"sp":72589,"ltq":1,"tbq":622,"tsq":852,"ap":72403.31,"oi":16364,"lo":72042,"h":72639,"yh":78144,"yl":69945,"op":72222,"c":72154,"cng":431,"nc":0.6,"to":102081426769,"ts":"SILVER05DEC23","name":"sf","tk":"250882","e":"mcx_fo"}],"functionName":"conversion"}
{"level":"error","datetime":"2023-09-18T18:27:00.887Z","message":"error converting message","data":{"error":{}},"functionName":"conversion"}
{"level":"debug","datetime":"2023-09-18T18:27:52.332Z","message":"HSM raw data","data":[{"stat":"Ok","type":"cn","msg":"successful","stCode":200}],"functionName":"conversion"}
{"level":"error","datetime":"2023-09-18T18:27:52.340Z","message":"error converting message","data":{"error":{}},"functionName":"conversion"}
{"level":"debug","datetime":"2023-09-18T18:27:52.341Z","message":"HSM raw data","data":[{"stat":"Ok","type":"lit","msg":"successful","stCode":200}],"functionName":"conversion"}
{"level":"error","datetime":"2023-09-18T18:27:52.343Z","message":"error converting message","data":{"error":{}},"functionName":"conversion"}
{"level":"debug","datetime":"2023-09-18T18:27:52.865Z","message":"HSM raw data","data":[{"stat":"Ok","type":"sub","msg":"successful","stCode":200}],"functionName":"conversion"}
{"level":"error","datetime":"2023-09-18T18:27:52.865Z","message":"error converting message","data":{"error":{}},"functionName":"conversion"}
{"level":"debug","datetime":"2023-09-18T18:27:52.891Z","message":"HSM raw data","data":[{"stat":"Ok","type":"cp","msg":"successful","stCode":200}],"functionName":"conversion"}
{"level":"error","datetime":"2023-09-18T18:27:52.892Z","message":"error converting message","data":{"error":{}},"functionName":"conversion"}
{"level":"debug","datetime":"2023-09-18T18:27:52.946Z","message":"HSM raw data","data":[{"stat":"Ok","type":"cr","msg":"successful","stCode":200}],"functionName":"conversion"}
{"level":"debug","datetime":"2023-09-18T18:27:52.958Z","message":"HSM raw data","data":[{"ltp":72585,"v":14099,"ltt":1695059999,"fdtm":1695059999,"bq":1,"bs":2,"bp":72569,"sp":72589,"ltq":1,"tbq":622,"tsq":852,"ap":72403.31,"oi":16364,"lo":72042,"h":72639,"yh":78144,"yl":69945,"op":72222,"c":72154,"cng":431,"nc":0.6,"to":102081426769,"ts":"SILVER05DEC23","name":"sf","tk":"250882","e":"mcx_fo"}],"functionName":"conversion"}
{"level":"error","datetime":"2023-09-18T18:27:52.952Z","message":"error converting message","data":{"error":{}},"functionName":"conversion"}
{"level":"error","datetime":"2023-09-18T18:27:52.962Z","message":"error converting message","data":{"error":{}},"functionName":"conversion"}
{"level":"debug","datetime":"2023-09-18T18:29:20.599Z","message":"HSM raw data","data":[{"stat":"Ok","type":"cn","msg":"successful","stCode":200}],"functionName":"conversion"}
{"level":"debug","datetime":"2023-09-18T18:29:20.605Z","message":"HSM raw data","data":[{"stat":"Ok","type":"lit","msg":"successful","stCode":200}],"functionName":"conversion"}
{"level":"debug","datetime":"2023-09-18T18:29:21.089Z","message":"HSM raw data","data":[{"stat":"Ok","type":"sub","msg":"successful","stCode":200}],"functionName":"conversion"}
{"level":"debug","datetime":"2023-09-18T18:29:21.109Z","message":"HSM raw data","data":[{"stat":"Ok","type":"cp","msg":"successful","stCode":200}],"functionName":"conversion"}
{"level":"debug","datetime":"2023-09-18T18:29:21.160Z","message":"HSM raw data","data":[{"stat":"Ok","type":"cr","msg":"successful","stCode":200}],"functionName":"conversion"}
{"level":"debug","datetime":"2023-09-18T18:29:21.183Z","message":"HSM raw data","data":[{"ltp":72585,"v":14099,"ltt":1695059999,"fdtm":1695059999,"bq":1,"bs":2,"bp":72569,"sp":72589,"ltq":1,"tbq":622,"tsq":852,"ap":72403.31,"oi":16364,"lo":72042,"h":72639,"yh":78144,"yl":69945,"op":72222,"c":72154,"cng":431,"nc":0.6,"to":102081426769,"ts":"SILVER05DEC23","name":"sf","tk":"250882","e":"mcx_fo"}],"functionName":"conversion"}
{"level":"debug","datetime":"2023-09-18T18:30:29.560Z","message":"HSM raw data","data":[{"stat":"Ok","type":"cn","msg":"successful","stCode":200}],"functionName":"conversion"}
{"level":"debug","datetime":"2023-09-18T18:30:29.567Z","message":"HSM raw data","data":[{"stat":"Ok","type":"lit","msg":"successful","stCode":200}],"functionName":"conversion"}
{"level":"debug","datetime":"2023-09-18T18:30:30.079Z","message":"HSM raw data","data":[{"stat":"Ok","type":"sub","msg":"successful","stCode":200}],"functionName":"conversion"}
{"level":"debug","datetime":"2023-09-18T18:30:30.080Z","message":"HSM raw data","data":[{"stat":"Ok","type":"cp","msg":"successful","stCode":200}],"functionName":"conversion"}
{"level":"debug","datetime":"2023-09-18T18:30:30.113Z","message":"HSM raw data","data":[{"stat":"Ok","type":"cr","msg":"successful","stCode":200}],"functionName":"conversion"}
{"level":"debug","datetime":"2023-09-18T18:30:30.150Z","message":"HSM raw data","data":[{"ltp":72585,"v":14099,"ltt":1695059999,"fdtm":1695059999,"bq":1,"bs":2,"bp":72569,"sp":72589,"ltq":1,"tbq":622,"tsq":852,"ap":72403.31,"oi":16364,"lo":72042,"h":72639,"yh":78144,"yl":69945,"op":72222,"c":72154,"cng":431,"nc":0.6,"to":102081426769,"ts":"SILVER05DEC23","name":"sf","tk":"250882","e":"mcx_fo"}],"functionName":"conversion"}
